<?xml version="1.0" encoding="UTF-8"?>
<testsuite xmlns:xsi="http://www.w3.org/2001/XMLSchema-instance" xsi:noNamespaceSchemaLocation="https://maven.apache.org/surefire/maven-surefire-plugin/xsd/surefire-test-report-3.0.xsd" version="3.0" name="com.example.UpdateAndSearchProductTest" time="0.003" tests="1" errors="0" skipped="0" failures="0">
  <properties>
[...]
</properties>
  <testcase name="testAddAndViewProduct" classname="com.example.UpdateAndSearchProductTest" time="0.002">
    <system-out><![CDATA[Enter Product ID: Enter Product Name: Enter Quantity: Enter Price: Product added successfully.
]]></system-out>
  </testcase>
</testsuite>